$ time node load-batches.js 200
loading 200 batches of 1600
batch of 1600: 280ms
batch of 1600: 287ms
batch of 1600: 437ms
batch of 1600: 335ms
batch of 1600: 504ms
batch of 1600: 379ms
batch of 1600: 663ms
batch of 1600: 353ms
batch of 1600: 672ms
batch of 1600: 366ms
batch of 1600: 785ms
batch of 1600: 444ms
batch of 1600: 665ms
batch of 1600: 422ms
batch of 1600: 700ms
batch of 1600: 364ms
batch of 1600: 708ms
batch of 1600: 395ms
batch of 1600: 726ms
batch of 1600: 528ms
batch of 1600: 645ms
batch of 1600: 352ms
batch of 1600: 725ms
batch of 1600: 393ms
batch of 1600: 752ms
batch of 1600: 484ms
batch of 1600: 697ms
batch of 1600: 372ms
batch of 1600: 750ms
batch of 1600: 400ms
batch of 1600: 11781ms
batch of 1600: 341ms
batch of 1600: 850ms
batch of 1600: 439ms
batch of 1600: 625ms
batch of 1600: 496ms
batch of 1600: 571ms
batch of 1600: 368ms
batch of 1600: 722ms
batch of 1600: 380ms
batch of 1600: 764ms
batch of 1600: 409ms
batch of 1600: 779ms
batch of 1600: 430ms
batch of 1600: 999ms
batch of 1600: 503ms
batch of 1600: 848ms
batch of 1600: 905ms
batch of 1600: 825ms
batch of 1600: 407ms
batch of 1600: 981ms
batch of 1600: 445ms
batch of 1600: 613ms
batch of 1600: 361ms
batch of 1600: 34690ms
batch of 1600: 739ms
batch of 1600: 2128ms
batch of 1600: 1396ms
batch of 1600: 954ms
batch of 1600: 527ms
batch of 1600: 946ms
batch of 1600: 493ms
batch of 1600: 786ms
batch of 1600: 406ms
batch of 1600: 813ms
batch of 1600: 435ms
batch of 1600: 802ms
batch of 1600: 586ms
batch of 1600: 576ms
batch of 1600: 451ms
batch of 1600: 795ms
batch of 1600: 336ms
batch of 1600: 946ms
batch of 1600: 449ms
batch of 1600: 637ms
batch of 1600: 491ms
batch of 1600: 828ms
batch of 1600: 666ms
batch of 1600: 43054ms
batch of 1600: 422ms
batch of 1600: 882ms
batch of 1600: 348ms
batch of 1600: 864ms
batch of 1600: 365ms
batch of 1600: 685ms
batch of 1600: 352ms
batch of 1600: 711ms
batch of 1600: 563ms
batch of 1600: 777ms
batch of 1600: 384ms
batch of 1600: 790ms
batch of 1600: 346ms
batch of 1600: 717ms
batch of 1600: 359ms
batch of 1600: 704ms
batch of 1600: 358ms
batch of 1600: 803ms
batch of 1600: 570ms
batch of 1600: 644ms
batch of 1600: 381ms
batch of 1600: 622ms
batch of 1600: 356ms
batch of 1600: 47632ms
batch of 1600: 308ms
batch of 1600: 725ms
batch of 1600: 357ms
batch of 1600: 696ms
batch of 1600: 582ms
batch of 1600: 638ms
batch of 1600: 354ms
batch of 1600: 1021ms
batch of 1600: 444ms
batch of 1600: 641ms
batch of 1600: 355ms
batch of 1600: 748ms
batch of 1600: 341ms
batch of 1600: 785ms
batch of 1600: 592ms
batch of 1600: 653ms
batch of 1600: 345ms
batch of 1600: 602ms
batch of 1600: 370ms
batch of 1600: 641ms
batch of 1600: 345ms
batch of 1600: 959ms
batch of 1600: 378ms
batch of 1600: 48243ms
batch of 1600: 496ms
batch of 1600: 653ms
batch of 1600: 371ms
batch of 1600: 694ms
batch of 1600: 377ms
batch of 1600: 569ms
batch of 1600: 370ms
batch of 1600: 791ms
batch of 1600: 346ms
batch of 1600: 608ms
batch of 1600: 365ms
batch of 1600: 586ms
batch of 1600: 343ms
batch of 1600: 623ms
batch of 1600: 377ms
batch of 1600: 605ms
batch of 1600: 371ms
batch of 1600: 557ms
batch of 1600: 373ms
batch of 1600: 563ms
batch of 1600: 571ms
batch of 1600: 558ms
batch of 1600: 361ms
batch of 1600: 45836ms
batch of 1600: 305ms
batch of 1600: 751ms
batch of 1600: 333ms
batch of 1600: 1009ms
batch of 1600: 362ms
batch of 1600: 791ms
batch of 1600: 596ms
batch of 1600: 652ms
batch of 1600: 345ms
batch of 1600: 907ms
batch of 1600: 351ms
batch of 1600: 705ms
batch of 1600: 347ms
batch of 1600: 600ms
batch of 1600: 339ms
batch of 1600: 783ms
batch of 1600: 556ms
batch of 1600: 703ms
batch of 1600: 346ms
batch of 1600: 826ms
batch of 1600: 368ms
batch of 1600: 813ms
batch of 1600: 357ms
batch of 1600: 68006ms
batch of 1600: 298ms
batch of 1600: 1080ms
batch of 1600: 532ms
batch of 1600: 622ms
batch of 1600: 336ms
batch of 1600: 570ms
batch of 1600: 333ms
batch of 1600: 584ms
batch of 1600: 325ms
batch of 1600: 586ms
batch of 1600: 329ms
batch of 1600: 779ms
batch of 1600: 647ms
batch of 1600: 498ms
batch of 1600: 445ms
batch of 1600: 862ms
batch of 1600: 396ms
batch of 1600: 1316ms
batch of 1600: 808ms
batch of 1600: 1233ms
batch of 1600: 708ms
batch of 1600: 1171ms
batch of 1600: 861ms
batch of 1600: 90142ms

real	8m22.386s
user	3m37.952s
sys	2m30.246s