$ time node load-batches.js 200
loading 200 batches of 1600
batch of 1600: 229ms
batch of 1600: 318ms
batch of 1600: 444ms
batch of 1600: 431ms
batch of 1600: 429ms
batch of 1600: 451ms
batch of 1600: 634ms
batch of 1600: 587ms
batch of 1600: 622ms
batch of 1600: 729ms
batch of 1600: 650ms
batch of 1600: 1055ms
batch of 1600: 955ms
batch of 1600: 947ms
batch of 1600: 911ms
batch of 1600: 1213ms
batch of 1600: 937ms
batch of 1600: 884ms
batch of 1600: 992ms
batch of 1600: 7296ms
batch of 1600: 521ms
batch of 1600: 707ms
batch of 1600: 579ms
batch of 1600: 564ms
batch of 1600: 659ms
batch of 1600: 528ms
batch of 1600: 584ms
batch of 1600: 1109ms
batch of 1600: 956ms
batch of 1600: 950ms
batch of 1600: 976ms
batch of 1600: 14801ms
batch of 1600: 724ms
batch of 1600: 704ms
batch of 1600: 661ms
batch of 1600: 577ms
batch of 1600: 835ms
batch of 1600: 691ms
batch of 1600: 600ms
batch of 1600: 727ms
batch of 1600: 941ms
batch of 1600: 967ms
batch of 1600: 993ms
batch of 1600: 19859ms
batch of 1600: 842ms
batch of 1600: 640ms
batch of 1600: 613ms
batch of 1600: 781ms
batch of 1600: 652ms
batch of 1600: 527ms
batch of 1600: 529ms
batch of 1600: 784ms
batch of 1600: 1065ms
batch of 1600: 1034ms
batch of 1600: 907ms
batch of 1600: 28020ms
batch of 1600: 274ms
batch of 1600: 934ms
batch of 1600: 700ms
batch of 1600: 807ms
batch of 1600: 689ms
batch of 1600: 828ms
batch of 1600: 521ms
batch of 1600: 795ms
batch of 1600: 1211ms
batch of 1600: 1160ms
batch of 1600: 915ms
batch of 1600: 963ms
batch of 1600: 29811ms
batch of 1600: 832ms
batch of 1600: 831ms
batch of 1600: 685ms
batch of 1600: 647ms
batch of 1600: 675ms
batch of 1600: 947ms
batch of 1600: 703ms
batch of 1600: 1028ms
batch of 1600: 965ms
batch of 1600: 953ms
batch of 1600: 1024ms
batch of 1600: 26164ms
batch of 1600: 1175ms
batch of 1600: 650ms
batch of 1600: 793ms
batch of 1600: 894ms
batch of 1600: 808ms
batch of 1600: 653ms
batch of 1600: 764ms
batch of 1600: 946ms
batch of 1600: 956ms
batch of 1600: 1025ms
batch of 1600: 981ms
batch of 1600: 35617ms
batch of 1600: 1284ms
batch of 1600: 1062ms
batch of 1600: 1106ms
batch of 1600: 822ms
batch of 1600: 821ms
batch of 1600: 741ms
batch of 1600: 714ms
batch of 1600: 974ms
batch of 1600: 947ms
batch of 1600: 976ms
batch of 1600: 881ms
batch of 1600: 23378ms
batch of 1600: 748ms
batch of 1600: 753ms
batch of 1600: 701ms
batch of 1600: 689ms
batch of 1600: 713ms
batch of 1600: 750ms
batch of 1600: 617ms
batch of 1600: 268ms
batch of 1600: 1346ms
batch of 1600: 1081ms
batch of 1600: 945ms
batch of 1600: 852ms
batch of 1600: 32186ms
batch of 1600: 756ms
batch of 1600: 738ms
batch of 1600: 776ms
batch of 1600: 727ms
batch of 1600: 509ms
batch of 1600: 879ms
batch of 1600: 779ms
batch of 1600: 1135ms
batch of 1600: 989ms
batch of 1600: 971ms
batch of 1600: 900ms
batch of 1600: 26862ms
batch of 1600: 787ms
batch of 1600: 681ms
batch of 1600: 759ms
batch of 1600: 1070ms
batch of 1600: 604ms
batch of 1600: 689ms
batch of 1600: 786ms
batch of 1600: 977ms
batch of 1600: 980ms
batch of 1600: 949ms
batch of 1600: 935ms
batch of 1600: 36478ms
batch of 1600: 603ms
batch of 1600: 844ms
batch of 1600: 764ms
batch of 1600: 634ms
batch of 1600: 849ms
batch of 1600: 627ms
batch of 1600: 488ms
batch of 1600: 909ms
batch of 1600: 986ms
batch of 1600: 961ms
batch of 1600: 979ms
batch of 1600: 46013ms
batch of 1600: 806ms
batch of 1600: 803ms
batch of 1600: 714ms
batch of 1600: 791ms
batch of 1600: 729ms
batch of 1600: 717ms
batch of 1600: 707ms
batch of 1600: 729ms
batch of 1600: 981ms
batch of 1600: 890ms
batch of 1600: 1028ms
batch of 1600: 44679ms
batch of 1600: 788ms
batch of 1600: 746ms
batch of 1600: 281ms
batch of 1600: 690ms
batch of 1600: 584ms
batch of 1600: 584ms
batch of 1600: 487ms
batch of 1600: 667ms
batch of 1600: 1210ms
batch of 1600: 871ms
batch of 1600: 926ms
batch of 1600: 914ms
batch of 1600: 49990ms
batch of 1600: 751ms
batch of 1600: 696ms
batch of 1600: 765ms
batch of 1600: 797ms
batch of 1600: 732ms
batch of 1600: 694ms
batch of 1600: 739ms
batch of 1600: 1060ms
batch of 1600: 930ms
batch of 1600: 1063ms
batch of 1600: 901ms
batch of 1600: 46787ms
batch of 1600: 1069ms
batch of 1600: 608ms
batch of 1600: 669ms
batch of 1600: 861ms
batch of 1600: 714ms
batch of 1600: 705ms
batch of 1600: 700ms
batch of 1600: 968ms

real	10m15.282s
user	4m19.307s
sys	3m5.748s