# resulting DB folder was 1.69GB
$ time node ~/src/js/level-bulk-load/load-batches.js 200
loading 200 batches of 1600
batch of 1600: 180ms
batch of 1600: 561ms
batch of 1600: 1039ms
batch of 1600: 942ms
batch of 1600: 1054ms
batch of 1600: 1122ms
batch of 1600: 1088ms
batch of 1600: 1002ms
batch of 1600: 1322ms
batch of 1600: 1008ms
batch of 1600: 1354ms
batch of 1600: 1484ms
batch of 1600: 1287ms
batch of 1600: 1197ms
batch of 1600: 1255ms
batch of 1600: 3474ms
batch of 1600: 1127ms
batch of 1600: 1227ms
batch of 1600: 1263ms
batch of 1600: 13205ms
batch of 1600: 1183ms
batch of 1600: 1175ms
batch of 1600: 1120ms
batch of 1600: 1187ms
batch of 1600: 1260ms
batch of 1600: 1014ms
batch of 1600: 1190ms
batch of 1600: 1393ms
batch of 1600: 1163ms
batch of 1600: 1152ms
batch of 1600: 1145ms
batch of 1600: 25192ms
batch of 1600: 1194ms
batch of 1600: 1232ms
batch of 1600: 1176ms
batch of 1600: 1179ms
batch of 1600: 1223ms
batch of 1600: 1303ms
batch of 1600: 1180ms
batch of 1600: 1332ms
batch of 1600: 1069ms
batch of 1600: 1185ms
batch of 1600: 1213ms
batch of 1600: 32917ms
batch of 1600: 1289ms
batch of 1600: 1244ms
batch of 1600: 1211ms
batch of 1600: 1211ms
batch of 1600: 1205ms
batch of 1600: 1234ms
batch of 1600: 1191ms
batch of 1600: 1324ms
batch of 1600: 1230ms
batch of 1600: 1104ms
batch of 1600: 1190ms
batch of 1600: 38201ms
batch of 1600: 172ms
batch of 1600: 1077ms
batch of 1600: 1224ms
batch of 1600: 1164ms
batch of 1600: 1210ms
batch of 1600: 1186ms
batch of 1600: 1150ms
batch of 1600: 1225ms
batch of 1600: 1577ms
batch of 1600: 1239ms
batch of 1600: 1094ms
batch of 1600: 1100ms
batch of 1600: 43437ms
batch of 1600: 1154ms
batch of 1600: 1227ms
batch of 1600: 1157ms
batch of 1600: 1241ms
batch of 1600: 1079ms
batch of 1600: 1179ms
batch of 1600: 1165ms
batch of 1600: 1519ms
batch of 1600: 1149ms
batch of 1600: 1148ms
batch of 1600: 1236ms
batch of 1600: 36515ms
batch of 1600: 1192ms
batch of 1600: 1182ms
batch of 1600: 1140ms
batch of 1600: 1051ms
batch of 1600: 1178ms
batch of 1600: 1212ms
batch of 1600: 1179ms
batch of 1600: 1391ms
batch of 1600: 1178ms
batch of 1600: 1126ms
batch of 1600: 1239ms
batch of 1600: 49352ms
batch of 1600: 1145ms
batch of 1600: 1220ms
batch of 1600: 1156ms
batch of 1600: 1195ms
batch of 1600: 1133ms
batch of 1600: 1231ms
batch of 1600: 1276ms
batch of 1600: 1231ms
batch of 1600: 1089ms
batch of 1600: 1164ms
batch of 1600: 1163ms
batch of 1600: 32669ms
batch of 1600: 1139ms
batch of 1600: 1270ms
batch of 1600: 1145ms
batch of 1600: 1195ms
batch of 1600: 1126ms
batch of 1600: 1223ms
batch of 1600: 1177ms
batch of 1600: 1208ms
batch of 1600: 579ms
batch of 1600: 1143ms
batch of 1600: 1099ms
batch of 1600: 1131ms
batch of 1600: 49485ms
batch of 1600: 1118ms
batch of 1600: 1110ms
batch of 1600: 1216ms
batch of 1600: 1067ms
batch of 1600: 1171ms
batch of 1600: 1141ms
batch of 1600: 1192ms
batch of 1600: 1467ms
batch of 1600: 1304ms
batch of 1600: 1141ms
batch of 1600: 1223ms
batch of 1600: 38437ms
batch of 1600: 1178ms
batch of 1600: 1150ms
batch of 1600: 1139ms
batch of 1600: 1276ms
batch of 1600: 1275ms
batch of 1600: 1278ms
batch of 1600: 1106ms
batch of 1600: 1433ms
batch of 1600: 1216ms
batch of 1600: 1245ms
batch of 1600: 1145ms
batch of 1600: 53079ms
batch of 1600: 1165ms
batch of 1600: 1146ms
batch of 1600: 1039ms
batch of 1600: 1002ms
batch of 1600: 1125ms
batch of 1600: 1038ms
batch of 1600: 1116ms
batch of 1600: 1266ms
batch of 1600: 1154ms
batch of 1600: 1172ms
batch of 1600: 1099ms
batch of 1600: 59312ms
batch of 1600: 1257ms
batch of 1600: 1345ms
batch of 1600: 1292ms
batch of 1600: 1237ms
batch of 1600: 1167ms
batch of 1600: 1216ms
batch of 1600: 1351ms
batch of 1600: 1300ms
batch of 1600: 1198ms
batch of 1600: 1168ms
batch of 1600: 1147ms
batch of 1600: 58833ms
batch of 1600: 1083ms
batch of 1600: 1009ms
batch of 1600: 1014ms
batch of 1600: 207ms
batch of 1600: 900ms
batch of 1600: 984ms
batch of 1600: 933ms
batch of 1600: 974ms
batch of 1600: 1424ms
batch of 1600: 1136ms
batch of 1600: 1106ms
batch of 1600: 1185ms
batch of 1600: 64790ms
batch of 1600: 1082ms
batch of 1600: 1209ms
batch of 1600: 1111ms
batch of 1600: 1062ms
batch of 1600: 1130ms
batch of 1600: 1097ms
batch of 1600: 1094ms
batch of 1600: 1418ms
batch of 1600: 1229ms
batch of 1600: 1072ms
batch of 1600: 1277ms
batch of 1600: 60741ms
batch of 1600: 1096ms
batch of 1600: 1025ms
batch of 1600: 1108ms
batch of 1600: 921ms
batch of 1600: 986ms
batch of 1600: 1196ms
batch of 1600: 1005ms
batch of 1600: 1207ms
batch of 1600: 1069ms

real	14m56.253s
user	4m21.796s
sys	0m35.832s